<?xml version="1.0" encoding="UTF-8"?>
<testsuites name="jest tests" tests="1" failures="0" errors="0" time="1.538">
  <testsuite name="jupyterlab_mol_visualizer" errors="0" failures="0" skipped="0" timestamp="2024-05-27T12:13:20" time="1.286" tests="1">
    <testcase classname="jupyterlab_mol_visualizer should be tested" name="jupyterlab_mol_visualizer should be tested" time="0.002">
    </testcase>
  </testsuite>
</testsuites>