<?xml version="1.0" encoding="utf-8"?><testsuites><testsuite name="pytest" errors="0" failures="0" skipped="0" tests="173" time="3.134" timestamp="2024-05-24T08:03:43.214957" hostname="neon"><testcase classname="test.d7a.alp.operands.test_file.TestData" name="test_byte_generation" time="0.008" /><testcase classname="test.d7a.alp.operands.test_file.TestData" name="test_data_bad_offset" time="0.005" /><testcase classname="test.d7a.alp.operands.test_file.TestData" name="test_data_length" time="0.002" /><testcase classname="test.d7a.alp.operands.test_file.TestData" name="test_default_data_constructor" time="0.002" /><testcase classname="test.d7a.alp.operands.test_length.TestLength" name="test_byte_generation" time="0.003" /><testcase classname="test.d7a.alp.operands.test_length.TestLength" name="test_parsing" time="0.003" /><testcase classname="test.d7a.alp.operands.test_lorawan_interface_config.TestLoRaWANInterfaceConfiguration" name="test_byte_generation" time="0.003" /><testcase classname="test.d7a.alp.operands.test_lorawan_interface_config.TestLoRaWANInterfaceConfiguration" name="test_parsing" time="0.003" /><testcase classname="test.d7a.alp.operands.test_offset.TestOffset" name="test_byte_generation" time="0.013" /><testcase classname="test.d7a.alp.operands.test_offset.TestOffset" name="test_parse" time="0.010" /><testcase classname="test.d7a.alp.operands.test_offset.TestOffset" name="test_parse_three_bytes" time="0.006" /><testcase classname="test.d7a.alp.operands.test_offset.TestOffset" name="test_parse_two_bytes" time="0.007" /><testcase classname="test.d7a.alp.operands.test_offset.TestOffset" name="test_to_str" time="0.003" /><testcase classname="test.d7a.alp.operands.test_query.TestQuery" name="test_arith_comp_with_value_byte_generation" time="0.013" /><testcase classname="test.d7a.alp.operands.test_query.TestQuery" name="test_arith_comp_with_value_parsing" time="0.010" /><testcase classname="test.d7a.alp.operations.test_forward.TestForward" name="test_byte_generation_forward_D7A_iface" time="0.012" /><testcase classname="test.d7a.alp.operations.test_forward.TestForward" name="test_byte_generation_forward_LoRaWAN_ABP_iface" time="0.003" /><testcase classname="test.d7a.alp.operations.test_forward.TestForward" name="test_byte_generation_forward_LoRaWAN_OTAA_iface" time="0.003" /><testcase classname="test.d7a.alp.operations.test_indirect_forward.TestIndirectForward" name="test_byte_generation" time="0.004" /><testcase classname="test.d7a.alp.operations.test_indirect_forward.TestIndirectForward" name="test_byte_generation_with_overload" time="0.006" /><testcase classname="test.d7a.alp.operations.test_nop.TestNoOperation" name="test_byte_generation" time="0.001" /><testcase classname="test.d7a.alp.operations.test_nop.TestNoOperation" name="test_constructor_and_op_code" time="0.001" /><testcase classname="test.d7a.alp.operations.test_operation.TestOperation" name="test_incorrect_operand" time="0.001" /><testcase classname="test.d7a.alp.operations.test_operation.TestOperation" name="test_missing_operand" time="0.001" /><testcase classname="test.d7a.alp.operations.test_operation.TestOperation" name="test_not_implemented_operand" time="0.001" /><testcase classname="test.d7a.alp.operations.test_operation.TestOperation" name="test_op_property" time="0.001" /><testcase classname="test.d7a.alp.operations.test_operation.TestOperation" name="test_unexpected_operand" time="0.001" /><testcase classname="test.d7a.alp.operations.test_responses.TestReturnFileData" name="test_byte_generation" time="0.003" /><testcase classname="test.d7a.alp.operations.test_responses.TestReturnFileData" name="test_constructor_and_op_code" time="0.003" /><testcase classname="test.d7a.alp.test_action.TestAction" name="test_action_bad_operation" time="0.006" /><testcase classname="test.d7a.alp.test_action.TestAction" name="test_action_construction_switches" time="0.004" /><testcase classname="test.d7a.alp.test_action.TestAction" name="test_byte_generation" time="0.003" /><testcase classname="test.d7a.alp.test_action.TestAction" name="test_default_action_constructor" time="0.002" /><testcase classname="test.d7a.alp.test_action.TestAction" name="test_default_nop_action_operand" time="0.002" /><testcase classname="test.d7a.alp.test_alp_parser.TestParser" name="test_basic_valid_message" time="0.026" /><testcase classname="test.d7a.alp.test_alp_parser.TestParser" name="test_break_query" time="0.006" /><testcase classname="test.d7a.alp.test_alp_parser.TestParser" name="test_command_without_interface_status" time="0.006" /><testcase classname="test.d7a.alp.test_alp_parser.TestParser" name="test_empty_data" time="0.007" /><testcase classname="test.d7a.alp.test_alp_parser.TestParser" name="test_indirect_fwd" time="0.007" /><testcase classname="test.d7a.alp.test_alp_parser.TestParser" name="test_indirect_fwd_with_overload" time="0.007" /><testcase classname="test.d7a.alp.test_alp_parser.TestParser" name="test_interface_status_action_d7asp" time="0.011" /><testcase classname="test.d7a.alp.test_alp_parser.TestParser" name="test_multiple_actions" time="0.021" /><testcase classname="test.d7a.alp.test_alp_parser.TestParser" name="test_multiple_non_grouped_actions_in_command" time="0.019" /><testcase classname="test.d7a.alp.test_alp_parser.TestParser" name="test_parse_forward_LoRaWAN_iface_ABP" time="0.006" /><testcase classname="test.d7a.alp.test_alp_parser.TestParser" name="test_parse_forward_LoRaWAN_iface_OTAA" time="0.004" /><testcase classname="test.d7a.alp.test_alp_parser.TestParser" name="test_return_file_header" time="0.016" /><testcase classname="test.d7a.alp.test_alp_parser.TestParser" name="test_unsupported_action" time="0.001" /><testcase classname="test.d7a.alp.test_alp_parser.TestParser" name="test_with_multiple_tag_requests_with_different_tag_id" time="0.013" /><testcase classname="test.d7a.alp.test_alp_parser.TestParser" name="test_with_multiple_tag_response_with_different_tag_id" time="0.013" /><testcase classname="test.d7a.alp.test_alp_parser.TestParser" name="test_with_tag_request" time="0.010" /><testcase classname="test.d7a.alp.test_alp_parser.TestParser" name="test_with_tag_request_EOP_bit_set" time="0.010" /><testcase classname="test.d7a.alp.test_alp_parser.TestParser" name="test_with_tag_response" time="0.011" /><testcase classname="test.d7a.alp.test_alp_parser.TestParser" name="test_with_tag_response_EOP_bit_set" time="0.011" /><testcase classname="test.d7a.alp.test_alp_parser.TestParser" name="test_without_tag_request" time="0.009" /><testcase classname="test.d7a.alp.test_command.TestCommand" name="test_simple_received_return_file_data_command" time="0.015" /><testcase classname="test.d7a.alp.test_command.TestCommand" name="test_simple_received_return_file_data_command_with_tag_request" time="0.017" /><testcase classname="test.d7a.alp.test_command_factory.TestCommandFactory" name="test_create_with_create_file" time="0.007" /><testcase classname="test.d7a.alp.test_command_factory.TestCommandFactory" name="test_create_with_read_file_action" time="0.006" /><testcase classname="test.d7a.alp.test_command_factory.TestCommandFactory" name="test_create_with_read_file_action_d7asp" time="0.007" /><testcase classname="test.d7a.alp.test_command_factory.TestCommandFactory" name="test_create_with_read_file_header" time="0.005" /><testcase classname="test.d7a.alp.test_command_factory.TestCommandFactory" name="test_create_with_return_file_data_action" time="0.005" /><testcase classname="test.d7a.alp.test_command_factory.TestCommandFactory" name="test_create_with_return_file_data_action_d7asp" time="0.007" /><testcase classname="test.d7a.alp.test_command_factory.TestCommandFactory" name="test_create_with_write_file_action" time="0.006" /><testcase classname="test.d7a.alp.test_command_factory.TestCommandFactory" name="test_create_with_write_file_action_d7asp" time="0.008" /><testcase classname="test.d7a.alp.test_command_factory.TestCommandFactory" name="test_create_with_write_file_header" time="0.006" /><testcase classname="test.d7a.d7anp.test_addressee.TestAddressee" name="test_access_class_consists_of_max_8_bits" time="0.006" /><testcase classname="test.d7a.d7anp.test_addressee.TestAddressee" name="test_access_class_property" time="0.004" /><testcase classname="test.d7a.d7anp.test_addressee.TestAddressee" name="test_addressee_id_is_positive_value" time="0.010" /><testcase classname="test.d7a.d7anp.test_addressee.TestAddressee" name="test_byte_generation" time="0.028" /><testcase classname="test.d7a.d7anp.test_addressee.TestAddressee" name="test_construction" time="0.005" /><testcase classname="test.d7a.d7anp.test_addressee.TestAddressee" name="test_default_constructor" time="0.003" /><testcase classname="test.d7a.d7anp.test_addressee.TestAddressee" name="test_id_length_of_nbid" time="0.004" /><testcase classname="test.d7a.d7anp.test_addressee.TestAddressee" name="test_id_length_of_noid" time="0.004" /><testcase classname="test.d7a.d7anp.test_addressee.TestAddressee" name="test_id_length_of_universal_id" time="0.004" /><testcase classname="test.d7a.d7anp.test_addressee.TestAddressee" name="test_id_length_of_virtual_id" time="0.004" /><testcase classname="test.d7a.d7anp.test_addressee.TestAddressee" name="test_id_property" time="0.004" /><testcase classname="test.d7a.d7anp.test_addressee.TestAddressee" name="test_id_type_property" time="0.004" /><testcase classname="test.d7a.d7anp.test_addressee.TestAddressee" name="test_invalid_id_type" time="0.006" /><testcase classname="test.d7a.d7anp.test_addressee.TestAddressee" name="test_nbid_id_consists_of_1_bytes" time="0.005" /><testcase classname="test.d7a.d7anp.test_addressee.TestAddressee" name="test_nbid_id_should_be_ct" time="0.011" /><testcase classname="test.d7a.d7anp.test_addressee.TestAddressee" name="test_noid_id_consists_of_0_bytes" time="0.005" /><testcase classname="test.d7a.d7anp.test_addressee.TestAddressee" name="test_universal_addressee_id_consists_of_max_8_bytes" time="0.006" /><testcase classname="test.d7a.d7anp.test_addressee.TestAddressee" name="test_virtual_addressee_id_consists_of_max_2_bytes" time="0.006" /><testcase classname="test.d7a.d7atp.test_control.TestControl" name="test_byte_generation" time="0.005" /><testcase classname="test.d7a.d7atp.test_control.TestControl" name="test_parsing" time="0.002" /><testcase classname="test.d7a.dll.test_dll_access_profile.TestAccessProfile" name="test_byte_generation" time="0.012" /><testcase classname="test.d7a.dll.test_dll_access_profile.TestAccessProfile" name="test_parse" time="0.067" /><testcase classname="test.d7a.dll.test_dll_access_profile.TestAccessProfile" name="test_validation_ok" time="0.002" /><testcase classname="test.d7a.dll.test_dll_access_profile.TestAccessProfile" name="test_validation_sub_bands_count" time="0.014" /><testcase classname="test.d7a.dll.test_dll_access_profile.TestAccessProfile" name="test_validation_sub_bands_type" time="0.003" /><testcase classname="test.d7a.dll.test_dll_access_profile.TestAccessProfile" name="test_validation_sub_profiles" time="0.003" /><testcase classname="test.d7a.dll.test_dll_access_profile.TestAccessProfile" name="test_validation_sub_profiles_count" time="0.012" /><testcase classname="test.d7a.dll.test_dll_parser.TestForegroundFrameParser" name="test_read_id_command_frame" time="0.031" /><testcase classname="test.d7a.dll.test_dll_parser.TestForegroundFrameParser" name="test_read_id_response_frame" time="0.018" /><testcase classname="test.d7a.dll.test_dll_parser.TestBackgroundFrameParser" name="test_background_frame" time="0.006" /><testcase classname="test.d7a.dll.test_sub_profile.TestSubProfile" name="test_byte_generation" time="0.002" /><testcase classname="test.d7a.dll.test_sub_profile.TestSubProfile" name="test_default_constructor" time="0.002" /><testcase classname="test.d7a.dll.test_sub_profile.TestSubProfile" name="test_parse" time="0.004" /><testcase classname="test.d7a.fs.test_file_header.TestFileHeader" name="test_byte_generation" time="0.003" /><testcase classname="test.d7a.fs.test_file_header.TestFileHeader" name="test_parsing" time="0.004" /><testcase classname="test.d7a.fs.test_file_permissions.TestPermission" name="test_byte_generation" time="0.004" /><testcase classname="test.d7a.fs.test_file_permissions.TestPermission" name="test_parsing" time="0.002" /><testcase classname="test.d7a.fs.test_file_properties.TestFileProperties" name="test_byte_generation" time="0.003" /><testcase classname="test.d7a.fs.test_file_properties.TestFileProperties" name="test_parsing" time="0.002" /><testcase classname="test.d7a.phy.test_channel_header.TestChannelHeader" name="test_byte_generation" time="0.002" /><testcase classname="test.d7a.phy.test_channel_header.TestChannelHeader" name="test_parse" time="0.002" /><testcase classname="test.d7a.phy.test_channel_header.TestChannelHeader" name="test_validation_channel_band" time="0.003" /><testcase classname="test.d7a.phy.test_channel_header.TestChannelHeader" name="test_validation_channel_class" time="0.003" /><testcase classname="test.d7a.phy.test_channel_header.TestChannelHeader" name="test_validation_channel_coding" time="0.002" /><testcase classname="test.d7a.phy.test_channel_header.TestChannelHeader" name="test_validation_ok" time="0.002" /><testcase classname="test.d7a.phy.test_channel_id.TestChannelID" name="test_byte_generation" time="0.003" /><testcase classname="test.d7a.phy.test_channel_id.TestChannelID" name="test_generate_channel_id_string" time="0.003" /><testcase classname="test.d7a.phy.test_channel_id.TestChannelID" name="test_parse" time="0.003" /><testcase classname="test.d7a.phy.test_channel_id.TestChannelID" name="test_parse_channel_id_string" time="0.004" /><testcase classname="test.d7a.phy.test_subband.TestSubband" name="test_byte_generation" time="0.002" /><testcase classname="test.d7a.phy.test_subband.TestSubband" name="test_byte_generation_neg_eirp" time="0.002" /><testcase classname="test.d7a.phy.test_subband.TestSubband" name="test_default_ctor" time="0.003" /><testcase classname="test.d7a.phy.test_subband.TestSubband" name="test_parse_neg_eirp" time="0.003" /><testcase classname="test.d7a.phy.test_subband.TestSubband" name="test_validation_cca" time="0.003" /><testcase classname="test.d7a.phy.test_subband.TestSubband" name="test_validation_channel_index_end" time="0.003" /><testcase classname="test.d7a.phy.test_subband.TestSubband" name="test_validation_channel_index_start" time="0.003" /><testcase classname="test.d7a.phy.test_subband.TestSubband" name="test_validation_duty" time="0.003" /><testcase classname="test.d7a.phy.test_subband.TestSubband" name="test_validation_eirp" time="0.003" /><testcase classname="test.d7a.phy.test_subband.TestSubband" name="test_validation_ok" time="0.002" /><testcase classname="test.d7a.serial_modem_interface.test_parser.TestParser" name="test_bad_identifier" time="0.001" /><testcase classname="test.d7a.serial_modem_interface.test_parser.TestParser" name="test_bad_identifier_with_identifier_in_body" time="0.002" /><testcase classname="test.d7a.serial_modem_interface.test_parser.TestParser" name="test_basic_valid_message" time="0.008" /><testcase classname="test.d7a.serial_modem_interface.test_parser.TestParser" name="test_buffer_skipping" time="0.001" /><testcase classname="test.d7a.serial_modem_interface.test_parser.TestParser" name="test_buffer_skipping_with_first_and_second_item_the_id" time="0.001" /><testcase classname="test.d7a.serial_modem_interface.test_parser.TestParser" name="test_buffer_skipping_with_first_item_the_id" time="0.001" /><testcase classname="test.d7a.serial_modem_interface.test_parser.TestParser" name="test_continue_from_bad_buffer" time="0.009" /><testcase classname="test.d7a.serial_modem_interface.test_parser.TestParser" name="test_continue_partial_command" time="0.013" /><testcase classname="test.d7a.serial_modem_interface.test_parser.TestParser" name="test_continue_partial_second_frame" time="0.031" /><testcase classname="test.d7a.serial_modem_interface.test_parser.TestParser" name="test_empty_buffer_skipping" time="0.001" /><testcase classname="test.d7a.serial_modem_interface.test_parser.TestParser" name="test_entire_buffer_skipping" time="0.001" /><testcase classname="test.d7a.serial_modem_interface.test_parser.TestParser" name="test_partial_command" time="0.001" /><testcase classname="test.d7a.sp.test_configuration.TestConfiguration" name="test_byte_generation" time="0.002" /><testcase classname="test.d7a.sp.test_configuration.TestConfiguration" name="test_configuration_bad_composed_objects" time="0.009" /><testcase classname="test.d7a.sp.test_configuration.TestConfiguration" name="test_default_constructor" time="0.003" /><testcase classname="test.d7a.sp.test_configuration.TestConfiguration" name="test_invalid_configuration_construction" time="0.010" /><testcase classname="test.d7a.sp.test_configuration.TestConfiguration" name="test_parse" time="0.008" /><testcase classname="test.d7a.sp.test_qos.TestQoS" name="test_byte_generation" time="0.003" /><testcase classname="test.d7a.sp.test_qos.TestQoS" name="test_default_constructor" time="0.002" /><testcase classname="test.d7a.sp.test_qos.TestQoS" name="test_parse" time="0.003" /><testcase classname="test.d7a.sp.test_status.TestStatus" name="test_byte_generation" time="0.017" /><testcase classname="test.d7a.system_files.test_access_profile.TestAccessProfileFile" name="test_default_constructor" time="0.002" /><testcase classname="test.d7a.system_files.test_access_profile.TestAccessProfileFile" name="test_invalid_access_specifier" time="0.003" /><testcase classname="test.d7a.system_files.test_dll_config.TestDllConfigFile" name="test_byte_generation" time="0.004" /><testcase classname="test.d7a.system_files.test_dll_config.TestDllConfigFile" name="test_default_constructor" time="0.002" /><testcase classname="test.d7a.system_files.test_dll_config.TestDllConfigFile" name="test_invalid_access_class" time="0.003" /><testcase classname="test.d7a.system_files.test_dll_config.TestDllConfigFile" name="test_parsing" time="0.002" /><testcase classname="test.d7a.system_files.test_engineering_mode.TestEngineeringModeFile" name="test_byte_generation" time="0.007" /><testcase classname="test.d7a.system_files.test_engineering_mode.TestEngineeringModeFile" name="test_default_constructor" time="0.003" /><testcase classname="test.d7a.system_files.test_engineering_mode.TestEngineeringModeFile" name="test_parsing" time="0.006" /><testcase classname="test.d7a.system_files.test_firmware_version.FirmwareVersionFileTest" name="test_byte_generation" time="0.003" /><testcase classname="test.d7a.system_files.test_firmware_version.FirmwareVersionFileTest" name="test_default_constructor" time="0.002" /><testcase classname="test.d7a.system_files.test_firmware_version.FirmwareVersionFileTest" name="test_invalid_app_name" time="0.003" /><testcase classname="test.d7a.system_files.test_firmware_version.FirmwareVersionFileTest" name="test_parsing" time="0.002" /><testcase classname="test.d7a.system_files.test_firmware_version.FirmwareVersionFileTest" name="test_parsing_short" time="0.002" /><testcase classname="test.d7a.system_files.test_uid.TestUiFile" name="test_byte_generation" time="0.002" /><testcase classname="test.d7a.system_files.test_uid.TestUiFile" name="test_constructor" time="0.002" /><testcase classname="test.d7a.system_files.test_uid.TestUiFile" name="test_default_constructor" time="0.002" /><testcase classname="test.d7a.system_files.test_uid.TestUiFile" name="test_invalid_id" time="0.003" /><testcase classname="test.d7a.system_files.test_uid.TestUiFile" name="test_parsing" time="0.003" /><testcase classname="test.d7a.system_files.test_vid.TestVidFile" name="test_byte_generation" time="0.003" /><testcase classname="test.d7a.system_files.test_vid.TestVidFile" name="test_default_constructor" time="0.002" /><testcase classname="test.d7a.system_files.test_vid.TestVidFile" name="test_parsing" time="0.002" /><testcase classname="test.d7a.types.test_ct.TestCT" name="test_byte_generation" time="0.003" /><testcase classname="test.d7a.types.test_ct.TestCT" name="test_compress" time="0.002" /><testcase classname="test.d7a.types.test_ct.TestCT" name="test_ct_construction" time="0.004" /><testcase classname="test.d7a.types.test_ct.TestCT" name="test_ct_conversion_to_int" time="0.005" /><testcase classname="test.d7a.types.test_ct.TestCT" name="test_default_constructor_is_zero" time="0.002" /><testcase classname="test.d7a.types.test_ct.TestCT" name="test_invalid_ct_constructions" time="0.010" /></testsuite></testsuites>