<?xml version="1.0" encoding="UTF-8"?>
<testsuites name="jest tests" tests="1" failures="0" errors="0" time="2.889">
  <testsuite name="jupyterlab-gallery" errors="0" failures="0" skipped="0" timestamp="2024-05-28T18:00:11" time="2.33" tests="1">
    <testcase classname="jupyterlab-gallery should be tested" name="jupyterlab-gallery should be tested" time="0.002">
    </testcase>
  </testsuite>
</testsuites>